<?xml version="1.0" encoding="UTF-8"?>
<!-- Generated by org.testng.reporters.JUnitXMLReporter -->
<testsuite ignored="0" hostname="SPNXIN-4CDJ924" failures="0" tests="4" name="Test" time="9.89" errors="0" timestamp="2024-07-18T01:07:07 IST">
  <testcase classname="day8.CreateUser" name="test_createUser" time="4.801"/>
  <testcase classname="day8.GetUser" name="getUser" time="1.642"/>
  <testcase classname="day8.UpdateUser" name="testUpdateUser" time="1.673"/>
  <testcase classname="day8.DeleteUser" name="testDeleteUser" time="1.676"/>
</testsuite> <!-- Test -->
